<?xml version="1.0" encoding="UTF-8"?>
<testng-results ignored="0" total="1" passed="1" failed="0" skipped="0">
  <reporter-output>
    <line>
      <![CDATA[Thank you for registering with Main Website Store.]]>
    </line>
  </reporter-output>
  <suite started-at="2023-08-22T10:59:04 NPT" name="Default suite" finished-at="2023-08-22T10:59:43 NPT" duration-ms="38696">
    <groups>
    </groups>
    <test started-at="2023-08-22T10:59:04 NPT" name="Default test" finished-at="2023-08-22T10:59:43 NPT" duration-ms="38696">
      <class name="com.testscript.TestCreateAccount">
        <test-method is-config="true" signature="open()[pri:0, instance:com.testscript.TestCreateAccount@17d88132]" started-at="2023-08-22T10:59:04 NPT" name="open" finished-at="2023-08-22T10:59:12 NPT" duration-ms="7812" status="PASS">
          <reporter-output>
          </reporter-output>
        </test-method> <!-- open -->
        <test-method signature="testCreateAcc()[pri:0, instance:com.testscript.TestCreateAccount@17d88132]" started-at="2023-08-22T10:59:12 NPT" name="testCreateAcc" finished-at="2023-08-22T10:59:42 NPT" duration-ms="29789" status="PASS">
          <reporter-output>
            <line>
              <![CDATA[Thank you for registering with Main Website Store.]]>
            </line>
          </reporter-output>
        </test-method> <!-- testCreateAcc -->
        <test-method is-config="true" signature="closeBrowser()[pri:0, instance:com.testscript.TestCreateAccount@17d88132]" started-at="2023-08-22T10:59:42 NPT" name="closeBrowser" finished-at="2023-08-22T10:59:43 NPT" duration-ms="1032" status="PASS">
          <reporter-output>
          </reporter-output>
        </test-method> <!-- closeBrowser -->
      </class> <!-- com.testscript.TestCreateAccount -->
    </test> <!-- Default test -->
  </suite> <!-- Default suite -->
</testng-results>
